Creating virtual environment at build/python
Using virtual environment for: C:\Users\donald\synergy-core\scripts\install_deps.py
Updating pip...
Running: C:\Users\donald\synergy-core\build\python\Scripts\python.exe -m pip install --upgrade pip
Requirement already satisfied: pip in c:\users\donald\synergy-core\build\python\lib\site-packages (24.0)
Collecting pip
  Using cached pip-24.2-py3-none-any.whl.metadata (3.6 kB)
Using cached pip-24.2-py3-none-any.whl (1.8 MB)
Installing collected packages: pip
  Attempting uninstall: pip
    Found existing installation: pip 24.0
    Uninstalling pip-24.0:
      Successfully uninstalled pip-24.0
Successfully installed pip-24.2
Installing required modules...
Running: C:\Users\donald\synergy-core\build\python\Scripts\python.exe -m pip install -e scripts
Obtaining file:///C:/Users/donald/synergy-core/scripts
  Installing build dependencies: started
  Installing build dependencies: finished with status 'done'
  Checking if build backend supports build_editable: started
  Checking if build backend supports build_editable: finished with status 'done'
  Getting requirements to build editable: started
  Getting requirements to build editable: finished with status 'done'
  Preparing editable metadata (pyproject.toml): started
  Preparing editable metadata (pyproject.toml): finished with status 'done'
Collecting cmake-format (from scripts==0.0.1)
  Using cached cmake_format-0.6.13-py3-none-any.whl.metadata (23 kB)
Collecting clang-format (from scripts==0.0.1)
  Using cached clang_format-18.1.8-py2.py3-none-win_amd64.whl.metadata (4.7 kB)
Collecting python-dotenv (from scripts==0.0.1)
  Using cached python_dotenv-1.0.1-py3-none-any.whl.metadata (23 kB)
Collecting pyyaml (from scripts==0.0.1)
  Using cached PyYAML-6.0.2-cp311-cp311-win_amd64.whl.metadata (2.1 kB)
Collecting colorama (from scripts==0.0.1)
  Using cached colorama-0.4.6-py2.py3-none-any.whl.metadata (17 kB)
Collecting aqtinstall (from scripts==0.0.1)
  Using cached aqtinstall-3.1.18-py3-none-any.whl.metadata (11 kB)
Collecting bs4 (from aqtinstall->scripts==0.0.1)
  Using cached bs4-0.0.2-py2.py3-none-any.whl.metadata (411 bytes)
Collecting defusedxml (from aqtinstall->scripts==0.0.1)
  Using cached defusedxml-0.7.1-py2.py3-none-any.whl.metadata (32 kB)
Collecting humanize (from aqtinstall->scripts==0.0.1)
  Using cached humanize-4.10.0-py3-none-any.whl.metadata (7.9 kB)
Collecting patch>=1.16 (from aqtinstall->scripts==0.0.1)
  Using cached patch-1.16-py3-none-any.whl
Collecting py7zr>=0.20.6 (from aqtinstall->scripts==0.0.1)
  Using cached py7zr-0.22.0-py3-none-any.whl.metadata (16 kB)
Collecting requests>=2.31.0 (from aqtinstall->scripts==0.0.1)
  Using cached requests-2.32.3-py3-none-any.whl.metadata (4.6 kB)
Collecting semantic-version (from aqtinstall->scripts==0.0.1)
  Using cached semantic_version-2.10.0-py2.py3-none-any.whl.metadata (9.7 kB)
Collecting texttable (from aqtinstall->scripts==0.0.1)
  Using cached texttable-1.7.0-py2.py3-none-any.whl.metadata (9.8 kB)
Collecting cmakelang>=0.6.13 (from cmake-format->scripts==0.0.1)
  Using cached cmakelang-0.6.13-py3-none-any.whl.metadata (23 kB)
Collecting six>=1.13.0 (from cmakelang>=0.6.13->cmake-format->scripts==0.0.1)
  Using cached six-1.16.0-py2.py3-none-any.whl.metadata (1.8 kB)
Collecting pycryptodomex>=3.16.0 (from py7zr>=0.20.6->aqtinstall->scripts==0.0.1)
  Using cached pycryptodomex-3.20.0-cp35-abi3-win_amd64.whl.metadata (3.4 kB)
Collecting pyzstd>=0.15.9 (from py7zr>=0.20.6->aqtinstall->scripts==0.0.1)
  Using cached pyzstd-0.16.1-cp311-cp311-win_amd64.whl.metadata (2.5 kB)
Collecting pyppmd<1.2.0,>=1.1.0 (from py7zr>=0.20.6->aqtinstall->scripts==0.0.1)
  Using cached pyppmd-1.1.0-cp311-cp311-win_amd64.whl.metadata (5.8 kB)
Collecting pybcj<1.1.0,>=1.0.0 (from py7zr>=0.20.6->aqtinstall->scripts==0.0.1)
  Using cached pybcj-1.0.2-cp311-cp311-win_amd64.whl.metadata (4.1 kB)
Collecting multivolumefile>=0.2.3 (from py7zr>=0.20.6->aqtinstall->scripts==0.0.1)
  Using cached multivolumefile-0.2.3-py3-none-any.whl.metadata (6.3 kB)
Collecting inflate64<1.1.0,>=1.0.0 (from py7zr>=0.20.6->aqtinstall->scripts==0.0.1)
  Using cached inflate64-1.0.0-cp311-cp311-win_amd64.whl.metadata (4.1 kB)
Collecting brotli>=1.1.0 (from py7zr>=0.20.6->aqtinstall->scripts==0.0.1)
  Using cached Brotli-1.1.0-cp311-cp311-win_amd64.whl.metadata (5.6 kB)
Collecting psutil (from py7zr>=0.20.6->aqtinstall->scripts==0.0.1)
  Using cached psutil-6.0.0-cp37-abi3-win_amd64.whl.metadata (22 kB)
Collecting charset-normalizer<4,>=2 (from requests>=2.31.0->aqtinstall->scripts==0.0.1)
  Using cached charset_normalizer-3.3.2-cp311-cp311-win_amd64.whl.metadata (34 kB)
Collecting idna<4,>=2.5 (from requests>=2.31.0->aqtinstall->scripts==0.0.1)
  Using cached idna-3.7-py3-none-any.whl.metadata (9.9 kB)
Collecting urllib3<3,>=1.21.1 (from requests>=2.31.0->aqtinstall->scripts==0.0.1)
  Using cached urllib3-2.2.2-py3-none-any.whl.metadata (6.4 kB)
Collecting certifi>=2017.4.17 (from requests>=2.31.0->aqtinstall->scripts==0.0.1)
  Using cached certifi-2024.7.4-py3-none-any.whl.metadata (2.2 kB)
Collecting beautifulsoup4 (from bs4->aqtinstall->scripts==0.0.1)
  Using cached beautifulsoup4-4.12.3-py3-none-any.whl.metadata (3.8 kB)
Collecting soupsieve>1.2 (from beautifulsoup4->bs4->aqtinstall->scripts==0.0.1)
  Using cached soupsieve-2.6-py3-none-any.whl.metadata (4.6 kB)
Using cached aqtinstall-3.1.18-py3-none-any.whl (61 kB)
Using cached clang_format-18.1.8-py2.py3-none-win_amd64.whl (1.4 MB)
Using cached cmake_format-0.6.13-py3-none-any.whl (19 kB)
Using cached colorama-0.4.6-py2.py3-none-any.whl (25 kB)
Using cached python_dotenv-1.0.1-py3-none-any.whl (19 kB)
Using cached PyYAML-6.0.2-cp311-cp311-win_amd64.whl (161 kB)
Using cached cmakelang-0.6.13-py3-none-any.whl (159 kB)
Using cached py7zr-0.22.0-py3-none-any.whl (67 kB)
Using cached requests-2.32.3-py3-none-any.whl (64 kB)
Using cached bs4-0.0.2-py2.py3-none-any.whl (1.2 kB)
Using cached defusedxml-0.7.1-py2.py3-none-any.whl (25 kB)
Using cached humanize-4.10.0-py3-none-any.whl (126 kB)
Using cached semantic_version-2.10.0-py2.py3-none-any.whl (15 kB)
Using cached texttable-1.7.0-py2.py3-none-any.whl (10 kB)
Using cached Brotli-1.1.0-cp311-cp311-win_amd64.whl (357 kB)
Using cached certifi-2024.7.4-py3-none-any.whl (162 kB)
Using cached charset_normalizer-3.3.2-cp311-cp311-win_amd64.whl (99 kB)
Using cached idna-3.7-py3-none-any.whl (66 kB)
Using cached inflate64-1.0.0-cp311-cp311-win_amd64.whl (35 kB)
Using cached multivolumefile-0.2.3-py3-none-any.whl (17 kB)
Using cached pybcj-1.0.2-cp311-cp311-win_amd64.whl (24 kB)
Using cached pycryptodomex-3.20.0-cp35-abi3-win_amd64.whl (1.8 MB)
Using cached pyppmd-1.1.0-cp311-cp311-win_amd64.whl (46 kB)
Using cached pyzstd-0.16.1-cp311-cp311-win_amd64.whl (244 kB)
Using cached six-1.16.0-py2.py3-none-any.whl (11 kB)
Using cached urllib3-2.2.2-py3-none-any.whl (121 kB)
Using cached beautifulsoup4-4.12.3-py3-none-any.whl (147 kB)
Using cached psutil-6.0.0-cp37-abi3-win_amd64.whl (257 kB)
Using cached soupsieve-2.6-py3-none-any.whl (36 kB)
Building wheels for collected packages: scripts
  Building editable for scripts (pyproject.toml): started
  Building editable for scripts (pyproject.toml): finished with status 'done'
  Created wheel for scripts: filename=scripts-0.0.1-0.editable-py3-none-any.whl size=2772 sha256=701e74d9dcd48387a6e915435a94aa31ddf59477dfd07c921b8bc958ef321140
  Stored in directory: C:\Users\donald\AppData\Local\Temp\pip-ephem-wheel-cache-9id0x1th\wheels\c5\fa\2b\43e4fa5aa1b8b2c16e30c7fae1801ff16341585377de74258b
Successfully built scripts
Installing collected packages: texttable, patch, clang-format, brotli, urllib3, soupsieve, six, semantic-version, pyzstd, pyyaml, python-dotenv, pyppmd, pycryptodomex, pybcj, psutil, multivolumefile, inflate64, idna, humanize, defusedxml, colorama, charset-normalizer, certifi, requests, py7zr, cmakelang, beautifulsoup4, cmake-format, bs4, aqtinstall, scripts
Successfully installed aqtinstall-3.1.18 beautifulsoup4-4.12.3 brotli-1.1.0 bs4-0.0.2 certifi-2024.7.4 charset-normalizer-3.3.2 clang-format-18.1.8 cmake-format-0.6.13 cmakelang-0.6.13 colorama-0.4.6 defusedxml-0.7.1 humanize-4.10.0 idna-3.7 inflate64-1.0.0 multivolumefile-0.2.3 patch-1.16 psutil-6.0.0 py7zr-0.22.0 pybcj-1.0.2 pycryptodomex-3.20.0 pyppmd-1.1.0 python-dotenv-1.0.1 pyyaml-6.0.2 pyzstd-0.16.1 requests-2.32.3 scripts-0.0.1 semantic-version-2.10.0 six-1.16.0 soupsieve-2.6 texttable-1.7.0 urllib3-2.2.2
Config for OS: windows
['build/python\\Scripts\\python', '-m', 'aqt', 'install-qt', '--outputdir', './deps/qt', '--base', 'https://qt.mirror.constant.com/', 'windows', 'desktop', '6.7', 'win64_msvc2019_64']
Running: build/python\Scripts\python -m aqt install-qt --outputdir ./deps/qt --base https://qt.mirror.constant.com/ windows desktop 6.7 win64_msvc2019_64
INFO    : aqtinstall(aqt) v3.1.18 on Python 3.11.9 [CPython MSC v.1938 64 bit (AMD64)]
INFO    : Resolved spec '6.7' to 6.7.2
WARNING : Specified Qt version "6.7.2" did not exist when this version of aqtinstall was released. This may not install properly, but we will try our best.
INFO    : Downloading qtbase...
INFO    : Downloading qtsvg...
INFO    : Downloading qtdeclarative...
INFO    : Downloading qttools...
INFO    : Finished installation of qtsvg-Windows-Windows_10_22H2-MSVC2019-Windows-Windows_10_22H2-X86_64.7z in 1.09755660
INFO    : Downloading qttranslations...
INFO    : Finished installation of qttranslations-Windows-Windows_10_22H2-MSVC2019-Windows-Windows_10_22H2-X86_64.7z in 1.49101140
INFO    : Downloading d3dcompiler_47...
INFO    : Finished installation of d3dcompiler_47-x64.7z in 1.17829890
INFO    : Downloading opengl32sw...
INFO    : Finished installation of qttools-Windows-Windows_10_22H2-MSVC2019-Windows-Windows_10_22H2-X86_64.7z in 4.64583610
INFO    : Finished installation of opengl32sw-64-mesa_11_2_2-signed_sha256.7z in 1.54788630
INFO    : Finished installation of qtbase-Windows-Windows_10_22H2-MSVC2019-Windows-Windows_10_22H2-X86_64.7z in 7.31701280
INFO    : Finished installation of qtdeclarative-Windows-Windows_10_22H2-MSVC2019-Windows-Windows_10_22H2-X86_64.7z in 17.52145710
INFO    : Patching deps\qt\6.7.2\msvc2019_64\bin\qmake.exe
INFO    : Patching deps\qt\6.7.2\msvc2019_64\lib\Qt6Concurrent.prl
INFO    : Patching deps\qt\6.7.2\msvc2019_64\lib\Qt6Concurrentd.prl
INFO    : Patching deps\qt\6.7.2\msvc2019_64\lib\Qt6Core.prl
INFO    : Patching deps\qt\6.7.2\msvc2019_64\lib\Qt6Cored.prl
INFO    : Patching deps\qt\6.7.2\msvc2019_64\lib\Qt6DBus.prl
INFO    : Patching deps\qt\6.7.2\msvc2019_64\lib\Qt6DBusd.prl
INFO    : Patching deps\qt\6.7.2\msvc2019_64\lib\Qt6Designer.prl
INFO    : Patching deps\qt\6.7.2\msvc2019_64\lib\Qt6DesignerComponents.prl
INFO    : Patching deps\qt\6.7.2\msvc2019_64\lib\Qt6DesignerComponentsd.prl
INFO    : Patching deps\qt\6.7.2\msvc2019_64\lib\Qt6Designerd.prl
INFO    : Patching deps\qt\6.7.2\msvc2019_64\lib\Qt6DeviceDiscoverySupport.prl
INFO    : Patching deps\qt\6.7.2\msvc2019_64\lib\Qt6DeviceDiscoverySupportd.prl
INFO    : Patching deps\qt\6.7.2\msvc2019_64\lib\Qt6EntryPoint.prl
INFO    : Patching deps\qt\6.7.2\msvc2019_64\lib\Qt6EntryPointd.prl
INFO    : Patching deps\qt\6.7.2\msvc2019_64\lib\Qt6ExampleIcons.prl
INFO    : Patching deps\qt\6.7.2\msvc2019_64\lib\Qt6ExampleIconsd.prl
INFO    : Patching deps\qt\6.7.2\msvc2019_64\lib\Qt6FbSupport.prl
INFO    : Patching deps\qt\6.7.2\msvc2019_64\lib\Qt6FbSupportd.prl
INFO    : Patching deps\qt\6.7.2\msvc2019_64\lib\Qt6Gui.prl
INFO    : Patching deps\qt\6.7.2\msvc2019_64\lib\Qt6Guid.prl
INFO    : Patching deps\qt\6.7.2\msvc2019_64\lib\Qt6Help.prl
INFO    : Patching deps\qt\6.7.2\msvc2019_64\lib\Qt6Helpd.prl
INFO    : Patching deps\qt\6.7.2\msvc2019_64\lib\Qt6LabsAnimation.prl
INFO    : Patching deps\qt\6.7.2\msvc2019_64\lib\Qt6LabsAnimationd.prl
INFO    : Patching deps\qt\6.7.2\msvc2019_64\lib\Qt6LabsFolderListModel.prl
INFO    : Patching deps\qt\6.7.2\msvc2019_64\lib\Qt6LabsFolderListModeld.prl
INFO    : Patching deps\qt\6.7.2\msvc2019_64\lib\Qt6LabsQmlModels.prl
INFO    : Patching deps\qt\6.7.2\msvc2019_64\lib\Qt6LabsQmlModelsd.prl
INFO    : Patching deps\qt\6.7.2\msvc2019_64\lib\Qt6LabsSettings.prl
INFO    : Patching deps\qt\6.7.2\msvc2019_64\lib\Qt6LabsSettingsd.prl
INFO    : Patching deps\qt\6.7.2\msvc2019_64\lib\Qt6LabsSharedImage.prl
INFO    : Patching deps\qt\6.7.2\msvc2019_64\lib\Qt6LabsSharedImaged.prl
INFO    : Patching deps\qt\6.7.2\msvc2019_64\lib\Qt6LabsWavefrontMesh.prl
INFO    : Patching deps\qt\6.7.2\msvc2019_64\lib\Qt6LabsWavefrontMeshd.prl
INFO    : Patching deps\qt\6.7.2\msvc2019_64\lib\Qt6Network.prl
INFO    : Patching deps\qt\6.7.2\msvc2019_64\lib\Qt6Networkd.prl
INFO    : Patching deps\qt\6.7.2\msvc2019_64\lib\Qt6OpenGL.prl
INFO    : Patching deps\qt\6.7.2\msvc2019_64\lib\Qt6OpenGLd.prl
INFO    : Patching deps\qt\6.7.2\msvc2019_64\lib\Qt6OpenGLWidgets.prl
INFO    : Patching deps\qt\6.7.2\msvc2019_64\lib\Qt6OpenGLWidgetsd.prl
INFO    : Patching deps\qt\6.7.2\msvc2019_64\lib\Qt6PacketProtocol.prl
INFO    : Patching deps\qt\6.7.2\msvc2019_64\lib\Qt6PacketProtocold.prl
INFO    : Patching deps\qt\6.7.2\msvc2019_64\lib\Qt6PrintSupport.prl
INFO    : Patching deps\qt\6.7.2\msvc2019_64\lib\Qt6PrintSupportd.prl
INFO    : Patching deps\qt\6.7.2\msvc2019_64\lib\Qt6Qml.prl
INFO    : Patching deps\qt\6.7.2\msvc2019_64\lib\Qt6QmlBuiltins.prl
INFO    : Patching deps\qt\6.7.2\msvc2019_64\lib\Qt6QmlBuiltinsd.prl
INFO    : Patching deps\qt\6.7.2\msvc2019_64\lib\Qt6QmlCompiler.prl
INFO    : Patching deps\qt\6.7.2\msvc2019_64\lib\Qt6QmlCompilerd.prl
INFO    : Patching deps\qt\6.7.2\msvc2019_64\lib\Qt6QmlCore.prl
INFO    : Patching deps\qt\6.7.2\msvc2019_64\lib\Qt6QmlCored.prl
INFO    : Patching deps\qt\6.7.2\msvc2019_64\lib\Qt6Qmld.prl
INFO    : Patching deps\qt\6.7.2\msvc2019_64\lib\Qt6QmlDebug.prl
INFO    : Patching deps\qt\6.7.2\msvc2019_64\lib\Qt6QmlDebugd.prl
INFO    : Patching deps\qt\6.7.2\msvc2019_64\lib\Qt6QmlDom.prl
INFO    : Patching deps\qt\6.7.2\msvc2019_64\lib\Qt6QmlDomd.prl
INFO    : Patching deps\qt\6.7.2\msvc2019_64\lib\Qt6QmlLocalStorage.prl
INFO    : Patching deps\qt\6.7.2\msvc2019_64\lib\Qt6QmlLocalStoraged.prl
INFO    : Patching deps\qt\6.7.2\msvc2019_64\lib\Qt6QmlLS.prl
INFO    : Patching deps\qt\6.7.2\msvc2019_64\lib\Qt6QmlLSd.prl
INFO    : Patching deps\qt\6.7.2\msvc2019_64\lib\Qt6QmlModels.prl
INFO    : Patching deps\qt\6.7.2\msvc2019_64\lib\Qt6QmlModelsd.prl
INFO    : Patching deps\qt\6.7.2\msvc2019_64\lib\Qt6QmlNetwork.prl
INFO    : Patching deps\qt\6.7.2\msvc2019_64\lib\Qt6QmlNetworkd.prl
INFO    : Patching deps\qt\6.7.2\msvc2019_64\lib\Qt6QmlToolingSettings.prl
INFO    : Patching deps\qt\6.7.2\msvc2019_64\lib\Qt6QmlToolingSettingsd.prl
INFO    : Patching deps\qt\6.7.2\msvc2019_64\lib\Qt6QmlTypeRegistrar.prl
INFO    : Patching deps\qt\6.7.2\msvc2019_64\lib\Qt6QmlTypeRegistrard.prl
INFO    : Patching deps\qt\6.7.2\msvc2019_64\lib\Qt6QmlWorkerScript.prl
INFO    : Patching deps\qt\6.7.2\msvc2019_64\lib\Qt6QmlWorkerScriptd.prl
INFO    : Patching deps\qt\6.7.2\msvc2019_64\lib\Qt6QmlXmlListModel.prl
INFO    : Patching deps\qt\6.7.2\msvc2019_64\lib\Qt6QmlXmlListModeld.prl
INFO    : Patching deps\qt\6.7.2\msvc2019_64\lib\Qt6Quick.prl
INFO    : Patching deps\qt\6.7.2\msvc2019_64\lib\Qt6QuickControls2.prl
INFO    : Patching deps\qt\6.7.2\msvc2019_64\lib\Qt6QuickControls2Basic.prl
INFO    : Patching deps\qt\6.7.2\msvc2019_64\lib\Qt6QuickControls2Basicd.prl
INFO    : Patching deps\qt\6.7.2\msvc2019_64\lib\Qt6QuickControls2BasicStyleImpl.prl
INFO    : Patching deps\qt\6.7.2\msvc2019_64\lib\Qt6QuickControls2BasicStyleImpld.prl
INFO    : Patching deps\qt\6.7.2\msvc2019_64\lib\Qt6QuickControls2d.prl
INFO    : Patching deps\qt\6.7.2\msvc2019_64\lib\Qt6QuickControls2Fusion.prl
INFO    : Patching deps\qt\6.7.2\msvc2019_64\lib\Qt6QuickControls2Fusiond.prl
INFO    : Patching deps\qt\6.7.2\msvc2019_64\lib\Qt6QuickControls2FusionStyleImpl.prl
INFO    : Patching deps\qt\6.7.2\msvc2019_64\lib\Qt6QuickControls2FusionStyleImpld.prl
INFO    : Patching deps\qt\6.7.2\msvc2019_64\lib\Qt6QuickControls2Imagine.prl
INFO    : Patching deps\qt\6.7.2\msvc2019_64\lib\Qt6QuickControls2Imagined.prl
INFO    : Patching deps\qt\6.7.2\msvc2019_64\lib\Qt6QuickControls2ImagineStyleImpl.prl
INFO    : Patching deps\qt\6.7.2\msvc2019_64\lib\Qt6QuickControls2ImagineStyleImpld.prl
INFO    : Patching deps\qt\6.7.2\msvc2019_64\lib\Qt6QuickControls2Impl.prl
INFO    : Patching deps\qt\6.7.2\msvc2019_64\lib\Qt6QuickControls2Impld.prl
INFO    : Patching deps\qt\6.7.2\msvc2019_64\lib\Qt6QuickControls2Material.prl
INFO    : Patching deps\qt\6.7.2\msvc2019_64\lib\Qt6QuickControls2Materiald.prl
INFO    : Patching deps\qt\6.7.2\msvc2019_64\lib\Qt6QuickControls2MaterialStyleImpl.prl
INFO    : Patching deps\qt\6.7.2\msvc2019_64\lib\Qt6QuickControls2MaterialStyleImpld.prl
INFO    : Patching deps\qt\6.7.2\msvc2019_64\lib\Qt6QuickControls2Universal.prl
INFO    : Patching deps\qt\6.7.2\msvc2019_64\lib\Qt6QuickControls2Universald.prl
INFO    : Patching deps\qt\6.7.2\msvc2019_64\lib\Qt6QuickControls2UniversalStyleImpl.prl
INFO    : Patching deps\qt\6.7.2\msvc2019_64\lib\Qt6QuickControls2UniversalStyleImpld.prl
INFO    : Patching deps\qt\6.7.2\msvc2019_64\lib\Qt6QuickControls2WindowsStyleImpl.prl
INFO    : Patching deps\qt\6.7.2\msvc2019_64\lib\Qt6QuickControls2WindowsStyleImpld.prl
INFO    : Patching deps\qt\6.7.2\msvc2019_64\lib\Qt6QuickControlsTestUtils.prl
INFO    : Patching deps\qt\6.7.2\msvc2019_64\lib\Qt6QuickControlsTestUtilsd.prl
INFO    : Patching deps\qt\6.7.2\msvc2019_64\lib\Qt6Quickd.prl
INFO    : Patching deps\qt\6.7.2\msvc2019_64\lib\Qt6QuickDialogs2.prl
INFO    : Patching deps\qt\6.7.2\msvc2019_64\lib\Qt6QuickDialogs2d.prl
INFO    : Patching deps\qt\6.7.2\msvc2019_64\lib\Qt6QuickDialogs2QuickImpl.prl
INFO    : Patching deps\qt\6.7.2\msvc2019_64\lib\Qt6QuickDialogs2QuickImpld.prl
INFO    : Patching deps\qt\6.7.2\msvc2019_64\lib\Qt6QuickDialogs2Utils.prl
INFO    : Patching deps\qt\6.7.2\msvc2019_64\lib\Qt6QuickDialogs2Utilsd.prl
INFO    : Patching deps\qt\6.7.2\msvc2019_64\lib\Qt6QuickEffects.prl
INFO    : Patching deps\qt\6.7.2\msvc2019_64\lib\Qt6QuickEffectsd.prl
INFO    : Patching deps\qt\6.7.2\msvc2019_64\lib\Qt6QuickLayouts.prl
INFO    : Patching deps\qt\6.7.2\msvc2019_64\lib\Qt6QuickLayoutsd.prl
INFO    : Patching deps\qt\6.7.2\msvc2019_64\lib\Qt6QuickParticles.prl
INFO    : Patching deps\qt\6.7.2\msvc2019_64\lib\Qt6QuickParticlesd.prl
INFO    : Patching deps\qt\6.7.2\msvc2019_64\lib\Qt6QuickShapes.prl
INFO    : Patching deps\qt\6.7.2\msvc2019_64\lib\Qt6QuickShapesd.prl
INFO    : Patching deps\qt\6.7.2\msvc2019_64\lib\Qt6QuickTemplates2.prl
INFO    : Patching deps\qt\6.7.2\msvc2019_64\lib\Qt6QuickTemplates2d.prl
INFO    : Patching deps\qt\6.7.2\msvc2019_64\lib\Qt6QuickTest.prl
INFO    : Patching deps\qt\6.7.2\msvc2019_64\lib\Qt6QuickTestd.prl
INFO    : Patching deps\qt\6.7.2\msvc2019_64\lib\Qt6QuickTestUtils.prl
INFO    : Patching deps\qt\6.7.2\msvc2019_64\lib\Qt6QuickTestUtilsd.prl
INFO    : Patching deps\qt\6.7.2\msvc2019_64\lib\Qt6QuickWidgets.prl
INFO    : Patching deps\qt\6.7.2\msvc2019_64\lib\Qt6QuickWidgetsd.prl
INFO    : Patching deps\qt\6.7.2\msvc2019_64\lib\Qt6Sql.prl
INFO    : Patching deps\qt\6.7.2\msvc2019_64\lib\Qt6Sqld.prl
INFO    : Patching deps\qt\6.7.2\msvc2019_64\lib\Qt6Svg.prl
INFO    : Patching deps\qt\6.7.2\msvc2019_64\lib\Qt6Svgd.prl
INFO    : Patching deps\qt\6.7.2\msvc2019_64\lib\Qt6SvgWidgets.prl
INFO    : Patching deps\qt\6.7.2\msvc2019_64\lib\Qt6SvgWidgetsd.prl
INFO    : Patching deps\qt\6.7.2\msvc2019_64\lib\Qt6Test.prl
INFO    : Patching deps\qt\6.7.2\msvc2019_64\lib\Qt6Testd.prl
INFO    : Patching deps\qt\6.7.2\msvc2019_64\lib\Qt6UiTools.prl
INFO    : Patching deps\qt\6.7.2\msvc2019_64\lib\Qt6UiToolsd.prl
INFO    : Patching deps\qt\6.7.2\msvc2019_64\lib\Qt6Widgets.prl
INFO    : Patching deps\qt\6.7.2\msvc2019_64\lib\Qt6Widgetsd.prl
INFO    : Patching deps\qt\6.7.2\msvc2019_64\lib\Qt6Xml.prl
INFO    : Patching deps\qt\6.7.2\msvc2019_64\lib\Qt6Xmld.prl
INFO    : Finished installation
INFO    : Time elapsed: 20.95906930 second
Running: winget install chocolatey

   - 
   \ 
                                                                                                                        

   - 
   \ 
   | 
   / 
   - 
                                                                                                                        
Found an existing package already installed. Trying to upgrade the installed package...
No available upgrade found.
No newer package versions are available from the configured sources.
Command exited with code 2316632107: winget install chocolatey
Running: choco install Chocolatey.config -y
Chocolatey v2.2.2
Installing from config file:
Chocolatey.config
By installing, you accept licenses for the packages.
Installing the following packages:
cmake
ninja
openssl
wixtoolset
visualstudio2022buildtools
cmake v3.30.2 already installed.
 Use --force to reinstall, specify a version to install, or try upgrade.
ninja v1.12.1 already installed.
 Use --force to reinstall, specify a version to install, or try upgrade.
openssl v3.3.1 already installed.
 Use --force to reinstall, specify a version to install, or try upgrade.
wixtoolset v3.14.1 already installed.
 Use --force to reinstall, specify a version to install, or try upgrade.
visualstudio2022buildtools v117.10.5 already installed.
 Use --force to reinstall, specify a version to install, or try upgrade.

Chocolatey installed 0/5 packages. 
 See the log for details (C:\Users\donald\AppData\Local\UniGetUI\Chocolatey\logs\chocolatey.log).

Warnings:
 - cmake - cmake v3.30.2 already installed.
 Use --force to reinstall, specify a version to install, or try upgrade.
 - ninja - ninja v1.12.1 already installed.
 Use --force to reinstall, specify a version to install, or try upgrade.
 - openssl - openssl v3.3.1 already installed.
 Use --force to reinstall, specify a version to install, or try upgrade.
 - visualstudio2022buildtools - visualstudio2022buildtools v117.10.5 already installed.
 Use --force to reinstall, specify a version to install, or try upgrade.
 - wixtoolset - wixtoolset v3.14.1 already installed.
 Use --force to reinstall, specify a version to install, or try upgrade.
