Preset CMake variables:

  CMAKE_BUILD_TYPE="Release"
  CMAKE_EXPORT_COMPILE_COMMANDS="ON"

-- The C compiler identification is AppleClang 16.0.0.16000021
-- The CXX compiler identification is AppleClang 16.0.0.16000021
-- Detecting C compiler ABI info
-- Detecting C compiler ABI info - done
-- Check for working C compiler: /Applications/Xcode-beta.app/Contents/Developer/Toolchains/XcodeDefault.xctoolchain/usr/bin/cc - skipped
-- Detecting C compile features
-- Detecting C compile features - done
-- Detecting CXX compiler ABI info
-- Detecting CXX compiler ABI info - done
-- Check for working CXX compiler: /Applications/Xcode-beta.app/Contents/Developer/Toolchains/XcodeDefault.xctoolchain/usr/bin/c++ - skipped
-- Detecting CXX compile features
-- Detecting CXX compile features - done
-- Enabling warnings as errors (GNU/Clang)
-- Version number (semver): 1.15.0
-- Product name: Synergy 1 Community Edition
-- Enabling dev thanks message
-- Disabling debug build
-- Looking for C++ include istream
-- Looking for C++ include istream - found
-- Looking for C++ include ostream
-- Looking for C++ include ostream - found
-- Looking for C++ include sstream
-- Looking for C++ include sstream - found
-- Looking for include file inttypes.h
-- Looking for include file inttypes.h - found
-- Looking for include file locale.h
-- Looking for include file locale.h - found
-- Looking for include file memory.h
-- Looking for include file memory.h - found
-- Looking for include file stdlib.h
-- Looking for include file stdlib.h - found
-- Looking for include file strings.h
-- Looking for include file strings.h - found
-- Looking for include file string.h
-- Looking for include file string.h - found
-- Looking for include file sys/select.h
-- Looking for include file sys/select.h - found
-- Looking for include file sys/socket.h
-- Looking for include file sys/socket.h - found
-- Looking for include file sys/stat.h
-- Looking for include file sys/stat.h - found
-- Looking for include file sys/time.h
-- Looking for include file sys/time.h - found
-- Looking for include file sys/utsname.h
-- Looking for include file sys/utsname.h - found
-- Looking for include file unistd.h
-- Looking for include file unistd.h - found
-- Looking for include file wchar.h
-- Looking for include file wchar.h - found
-- Looking for getpwuid_r
-- Looking for getpwuid_r - found
-- Looking for gmtime_r
-- Looking for gmtime_r - found
-- Looking for nanosleep
-- Looking for nanosleep - found
-- Looking for sigwait
-- Looking for sigwait - found
-- Looking for strftime
-- Looking for strftime - found
-- Looking for vsnprintf
-- Looking for vsnprintf - found
-- Looking for inet_aton
-- Looking for inet_aton - found
-- Looking for sys/types.h
-- Looking for sys/types.h - found
-- Looking for stdint.h
-- Looking for stdint.h - found
-- Looking for stddef.h
-- Looking for stddef.h - found
-- Check size of char
-- Check size of char - done
-- Check size of int
-- Check size of int - done
-- Check size of long
-- Check size of long - done
-- Check size of short
-- Check size of short - done
-- Looking for pthread_create in pthread
-- Looking for pthread_create in pthread - found
-- Performing Test CMAKE_HAVE_LIBC_PTHREAD
-- Performing Test CMAKE_HAVE_LIBC_PTHREAD - Success
-- Found Threads: TRUE
-- Performing Test HAVE_STDATOMIC
-- Performing Test HAVE_STDATOMIC - Success
-- Found WrapAtomic: TRUE
-- Found OpenGL: /Applications/Xcode-beta.app/Contents/Developer/Platforms/MacOSX.platform/Developer/SDKs/MacOSX15.0.sdk/System/Library/Frameworks/OpenGL.framework
-- Found WrapOpenGL: TRUE
-- Could NOT find WrapVulkanHeaders (missing: Vulkan_INCLUDE_DIR) 
-- Qt version: 6.7.0
-- Found OpenSSL: /opt/homebrew/Cellar/openssl@3/3.3.1/lib/libcrypto.a (found version "3.3.1")
-- Submodule update
-- Code coverage is disabled
-- Configuring macOS app bundle
-- Found macdeployqt6: /opt/homebrew/bin/macdeployqt6
-- Configuring done (5.7s)
-- Generating done (0.2s)
-- Build files have been written to: /Users/dawn/synergy-core/build
